-------------------------------------------------------------------------------
Test set: com.example.ApplicationTests
-------------------------------------------------------------------------------
Tests run: 5, Failures: 1, Errors: 0, Skipped: 0, Time elapsed: 8.792 s <<< FAILURE! - in com.example.ApplicationTests
TestCase1  Time elapsed: 0.216 s  <<< FAILURE!
java.lang.AssertionError: Status expected:<200> but was:<404>
	at com.example.ApplicationTests.TestCase1(ApplicationTests.java:49)

